# JRE version: OpenJDK Runtime Environment (21.0.3) (build 21.0.3+-12282718-b509.11)
# Java VM: OpenJDK 64-Bit Server VM (21.0.3+-12282718-b509.11, mixed mode, tiered, compressed oops, compressed class ptrs, g1 gc, windows-amd64)
GC Precious Log:
 CardTable entry size: 512
 Card Set container configuration: InlinePtr #cards 5 size 8 Array Of Cards #cards 12 size 40 Howl #buckets 4 coarsen threshold 1843 Howl Bitmap #cards 512 size 80 coarsen threshold 460 Card regions per heap region 1 cards per card region 2048
 CPUs: 12 total, 12 available
 Memory: 7865M
 Large Page Support: Disabled
 NUMA Support: Disabled
 Compressed Oops: Enabled (32-bit)
 Heap Region Size: 1M
 Heap Min Capacity: 8M
 Heap Initial Capacity: 124M
 Heap Max Capacity: 1968M
 Pre-touch: Disabled
 Parallel Workers: 10
 Concurrent Workers: 3
 Concurrent Refinement Workers: 10
 Periodic GC: Disabled
Heap:
 garbage-first heap   total 126976K, used 74666K [0x0000000085000000, 0x0000000100000000)
  region size 1024K, 4 young (4096K), 4 survivors (4096K)
 Metaspace       used 65622K, committed 65920K, reserved 1114112K
  class space    used 7240K, committed 7360K, reserved 1048576K
GC Heap History (20 events):
Event: 2.530 GC heap after
{Heap after GC invocations=11 (full 0):
 garbage-first heap   total 47104K, used 25493K [0x0000000085000000, 0x0000000100000000)
  region size 1024K, 3 young (3072K), 3 survivors (3072K)
 Metaspace       used 45956K, committed 46208K, reserved 1114112K
  class space    used 5393K, committed 5504K, reserved 1048576K
}
Event: 2.672 GC heap before
{Heap before GC invocations=11 (full 0):
 garbage-first heap   total 47104K, used 39829K [0x0000000085000000, 0x0000000100000000)
  region size 1024K, 17 young (17408K), 3 survivors (3072K)
 Metaspace       used 48430K, committed 48704K, reserved 1114112K
  class space    used 5654K, committed 5760K, reserved 1048576K
}
Event: 2.677 GC heap after
{Heap after GC invocations=12 (full 0):
 garbage-first heap   total 58368K, used 27775K [0x0000000085000000, 0x0000000100000000)
  region size 1024K, 3 young (3072K), 3 survivors (3072K)
 Metaspace       used 48430K, committed 48704K, reserved 1114112K
  class space    used 5654K, committed 5760K, reserved 1048576K
}
Event: 2.868 GC heap before
{Heap before GC invocations=13 (full 0):
 garbage-first heap   total 58368K, used 47231K [0x0000000085000000, 0x0000000100000000)
  region size 1024K, 23 young (23552K), 3 survivors (3072K)
 Metaspace       used 48920K, committed 49216K, reserved 1114112K
  class space    used 5696K, committed 5824K, reserved 1048576K
}
Event: 2.873 GC heap after
{Heap after GC invocations=14 (full 0):
 garbage-first heap   total 58368K, used 33792K [0x0000000085000000, 0x0000000100000000)
  region size 1024K, 3 young (3072K), 3 survivors (3072K)
 Metaspace       used 48920K, committed 49216K, reserved 1114112K
  class space    used 5696K, committed 5824K, reserved 1048576K
}
Event: 2.933 GC heap before
{Heap before GC invocations=14 (full 0):
 garbage-first heap   total 58368K, used 50176K [0x0000000085000000, 0x0000000100000000)
  region size 1024K, 18 young (18432K), 3 survivors (3072K)
 Metaspace       used 49348K, committed 49664K, reserved 1114112K
  class space    used 5757K, committed 5888K, reserved 1048576K
}
Event: 2.940 GC heap after
{Heap after GC invocations=15 (full 0):
 garbage-first heap   total 58368K, used 38825K [0x0000000085000000, 0x0000000100000000)
  region size 1024K, 3 young (3072K), 3 survivors (3072K)
 Metaspace       used 49348K, committed 49664K, reserved 1114112K
  class space    used 5757K, committed 5888K, reserved 1048576K
}
Event: 2.965 GC heap before
{Heap before GC invocations=15 (full 0):
 garbage-first heap   total 58368K, used 50089K [0x0000000085000000, 0x0000000100000000)
  region size 1024K, 14 young (14336K), 3 survivors (3072K)
 Metaspace       used 49369K, committed 49664K, reserved 1114112K
  class space    used 5757K, committed 5888K, reserved 1048576K
}
Event: 2.970 GC heap after
{Heap after GC invocations=16 (full 0):
 garbage-first heap   total 58368K, used 43008K [0x0000000085000000, 0x0000000100000000)
  region size 1024K, 2 young (2048K), 2 survivors (2048K)
 Metaspace       used 49369K, committed 49664K, reserved 1114112K
  class space    used 5757K, committed 5888K, reserved 1048576K
}
Event: 3.015 GC heap before
{Heap before GC invocations=17 (full 0):
 garbage-first heap   total 76800K, used 51200K [0x0000000085000000, 0x0000000100000000)
  region size 1024K, 10 young (10240K), 2 survivors (2048K)
 Metaspace       used 49414K, committed 49728K, reserved 1114112K
  class space    used 5760K, committed 5888K, reserved 1048576K
}
Event: 3.021 GC heap after
{Heap after GC invocations=18 (full 0):
 garbage-first heap   total 114688K, used 46080K [0x0000000085000000, 0x0000000100000000)
  region size 1024K, 2 young (2048K), 2 survivors (2048K)
 Metaspace       used 49414K, committed 49728K, reserved 1114112K
  class space    used 5760K, committed 5888K, reserved 1048576K
}
Event: 3.684 GC heap before
{Heap before GC invocations=18 (full 0):
 garbage-first heap   total 114688K, used 82943K [0x0000000085000000, 0x0000000100000000)
  region size 1024K, 39 young (39936K), 2 survivors (2048K)
 Metaspace       used 53351K, committed 53632K, reserved 1114112K
  class space    used 6163K, committed 6272K, reserved 1048576K
}
Event: 3.693 GC heap after
{Heap after GC invocations=19 (full 0):
 garbage-first heap   total 114688K, used 53248K [0x0000000085000000, 0x0000000100000000)
  region size 1024K, 5 young (5120K), 5 survivors (5120K)
 Metaspace       used 53351K, committed 53632K, reserved 1114112K
  class space    used 6163K, committed 6272K, reserved 1048576K
}
Event: 4.017 GC heap before
{Heap before GC invocations=19 (full 0):
 garbage-first heap   total 114688K, used 88064K [0x0000000085000000, 0x0000000100000000)
  region size 1024K, 39 young (39936K), 5 survivors (5120K)
 Metaspace       used 55088K, committed 55360K, reserved 1114112K
  class space    used 6284K, committed 6400K, reserved 1048576K
}
Event: 4.031 GC heap after
{Heap after GC invocations=20 (full 0):
 garbage-first heap   total 114688K, used 61440K [0x0000000085000000, 0x0000000100000000)
  region size 1024K, 5 young (5120K), 5 survivors (5120K)
 Metaspace       used 55088K, committed 55360K, reserved 1114112K
  class space    used 6284K, committed 6400K, reserved 1048576K
}
Event: 4.399 GC heap before
{Heap before GC invocations=21 (full 0):
 garbage-first heap   total 114688K, used 92160K [0x0000000085000000, 0x0000000100000000)
  region size 1024K, 35 young (35840K), 5 survivors (5120K)
 Metaspace       used 60588K, committed 60864K, reserved 1114112K
  class space    used 6777K, committed 6912K, reserved 1048576K
}
Event: 4.412 GC heap after
{Heap after GC invocations=22 (full 0):
 garbage-first heap   total 114688K, used 66048K [0x0000000085000000, 0x0000000100000000)
  region size 1024K, 4 young (4096K), 4 survivors (4096K)
 Metaspace       used 60588K, committed 60864K, reserved 1114112K
  class space    used 6777K, committed 6912K, reserved 1048576K
}
Event: 4.831 GC heap before
{Heap before GC invocations=22 (full 0):
 garbage-first heap   total 114688K, used 95744K [0x0000000085000000, 0x0000000100000000)
  region size 1024K, 33 young (33792K), 4 survivors (4096K)
 Metaspace       used 63578K, committed 63936K, reserved 1114112K
  class space    used 7021K, committed 7168K, reserved 1048576K
}
Event: 4.842 GC heap after
{Heap after GC invocations=23 (full 0):
 garbage-first heap   total 114688K, used 69120K [0x0000000085000000, 0x0000000100000000)
  region size 1024K, 4 young (4096K), 4 survivors (4096K)
 Metaspace       used 63578K, committed 63936K, reserved 1114112K
  class space    used 7021K, committed 7168K, reserved 1048576K
}
Event: 5.209 GC heap before
{Heap before GC invocations=23 (full 0):
 garbage-first heap   total 114688K, used 97792K [0x0000000085000000, 0x0000000100000000)
  region size 1024K, 32 young (32768K), 4 survivors (4096K)
 Metaspace       used 65622K, committed 65920K, reserved 1114112K
  class space    used 7240K, committed 7360K, reserved 1048576K
}

